<?xml version="1.0" encoding="UTF-8"?><testsuite errors="0" failures="1" name="Plan conduce mejor" skipped="0" tests="1" time="15.83" timestamp="2020-06-11 07:26:44"><testcase name="Construir estilo de conduccion"><failure message="LOS SERVICIOS NO SON IGUALES - &#10;Expected: &lt;true&gt;&#10;     but: was &lt;false&gt;" type="java.lang.AssertionError">LOS SERVICIOS NO SON IGUALES - 
Expected: &lt;true&gt;
     but: was &lt;false&gt;</failure><system-err>LOS SERVICIOS NO SON IGUALES - 
Expected: &lt;true&gt;
     but: was &lt;false&gt;&#13;
co.com.sura.certification.apis.stepdefinitions.ConduceMejorStepDefinition.elUsuarioVeráLaInformaciónDelServicioYElCódigoDeRespuesta(ConduceMejorStepDefinition.java:34)&#13;
✽.el usuario verá la información del servicio y el código de respuesta 200(src/test/resources/features/conducemejor.feature:14)&#13;
</system-err></testcase></testsuite>